<?xml version="1.0" encoding="UTF-8"?>
<!-- Generated by org.testng.reporters.JUnitReportReporter -->
<testsuite hostname="DESKTOP-IAA84AE" failures="0" tests="2" name="com.sdet.AppTest" time="0.018" errors="0" timestamp="2022-10-09T19:35:35 IST" skipped="0">
  <testcase classname="com.sdet.AppTest" name="testlogin2" time="0.001"/>
  <system-out/>
  <testcase classname="com.sdet.AppTest" name="testlogin1" time="0.017"/>
  <system-out/>
</testsuite> <!-- com.sdet.AppTest -->
